<?xml version="1.0" encoding="UTF-8"?>
<!-- Generated by org.testng.reporters.JUnitXMLReporter -->
<testsuite ignored="2" hostname="xubuntu" failures="2" tests="12" name="Test" time="45.321" errors="0" timestamp="2022-05-10T12:05:19 CEST">
  <testcase classname="tests.SimpleTestClass" name="test1" time="4.217"/>
  <testcase classname="tests.SimpleTestClass" name="test10" time="0.834"/>
  <testcase classname="tests.SimpleTestClass" name="test11" time="2.626"/>
  <testcase classname="tests.SimpleTestClass" name="test2" time="0.009">
    <failure type="java.lang.AssertionError" message="Test failed expected [alma] but found [szilva]">
      <![CDATA[java.lang.AssertionError: Test failed expected [alma] but found [szilva]
at tests.SimpleTestClass.test2(SimpleTestClass.java:110)
at java.base/java.util.ArrayList.forEach(ArrayList.java:1511)
... Removed 36 stack frames]]>
    </failure>
  </testcase> <!-- test2 -->
  <testcase classname="tests.SimpleTestClass" name="test3" time="0.001">
    <skipped/>
  </testcase> <!-- test3 -->
  <testcase classname="tests.SimpleTestClass" name="test4" time="0.009">
    <failure type="java.lang.AssertionError" message="The following asserts failed:
	expected [abc] but found [xyz],
	expected [alma] but found [szilva]">
      <![CDATA[java.lang.AssertionError: The following asserts failed:
expected [abc] but found [xyz],
expected [alma] but found [szilva]
at tests.SimpleTestClass.test4(SimpleTestClass.java:128)
at java.base/java.util.ArrayList.forEach(ArrayList.java:1511)
... Removed 33 stack frames]]>
    </failure>
  </testcase> <!-- test4 -->
  <testcase classname="tests.SimpleTestClass" name="test5" time="0.021"/>
  <testcase classname="tests.SimpleTestClass" name="test6" time="1.87"/>
  <testcase classname="tests.SimpleTestClass" name="test7" time="5.078"/>
  <testcase classname="tests.SimpleTestClass" name="test8" time="0.024"/>
  <testcase classname="tests.SimpleTestClass" name="test9" time="0.549"/>
  <testcase classname="tests.PomTest" name="logintTest" time="3.192"/>
  <testcase classname="tests.SetDriver" name="@BeforeSuite setDriver" time="0.0">
    <ignored/>
  </testcase> <!-- @BeforeSuite setDriver -->
  <testcase classname="tests.SetDriver" name="@AfterSuite closeDriver" time="0.0">
    <ignored/>
  </testcase> <!-- @AfterSuite closeDriver -->
</testsuite> <!-- Test -->
