<?xml version="1.0" encoding="UTF-8"?>
<testng-results ignored="2" total="14" passed="9" failed="2" skipped="1">
  <reporter-output>
  </reporter-output>
  <suite started-at="2022-05-10T12:04:33 CEST" name="Suite" finished-at="2022-05-10T12:05:19 CEST" duration-ms="45321">
    <groups>
    </groups>
    <test started-at="2022-05-10T12:04:33 CEST" name="Test" finished-at="2022-05-10T12:05:19 CEST" duration-ms="45321">
      <class name="tests.PomTest">
        <test-method is-config="true" signature="getPage()[pri:0, instance:tests.PomTest@6193932a]" started-at="2022-05-10T12:05:12 CEST" name="getPage" finished-at="2022-05-10T12:05:14 CEST" duration-ms="1909" status="PASS">
          <reporter-output>
          </reporter-output>
        </test-method> <!-- getPage -->
        <test-method is-config="true" signature="createPages()[pri:0, instance:tests.PomTest@6193932a]" started-at="2022-05-10T12:05:14 CEST" name="createPages" finished-at="2022-05-10T12:05:15 CEST" duration-ms="888" status="PASS">
          <reporter-output>
          </reporter-output>
        </test-method> <!-- createPages -->
        <test-method signature="logintTest()[pri:0, instance:tests.PomTest@6193932a]" started-at="2022-05-10T12:05:15 CEST" name="logintTest" finished-at="2022-05-10T12:05:18 CEST" duration-ms="3192" status="PASS">
          <reporter-output>
          </reporter-output>
        </test-method> <!-- logintTest -->
        <test-method is-config="true" signature="clearStorage()[pri:0, instance:tests.PomTest@6193932a]" started-at="2022-05-10T12:05:18 CEST" name="clearStorage" finished-at="2022-05-10T12:05:19 CEST" duration-ms="172" status="PASS">
          <reporter-output>
          </reporter-output>
        </test-method> <!-- clearStorage -->
      </class> <!-- tests.PomTest -->
      <class name="tests.SimpleTestClass">
        <test-method is-config="true" signature="setDriver()[pri:0, instance:tests.SimpleTestClass@d4342c2]" started-at="2022-05-10T12:04:30 CEST" name="setDriver" finished-at="2022-05-10T12:04:33 CEST" duration-ms="3469" status="PASS">
          <reporter-output>
          </reporter-output>
        </test-method> <!-- setDriver -->
        <test-method is-config="true" signature="getPage()[pri:0, instance:tests.SimpleTestClass@d4342c2]" started-at="2022-05-10T12:04:33 CEST" name="getPage" finished-at="2022-05-10T12:04:36 CEST" duration-ms="2592" status="PASS">
          <reporter-output>
          </reporter-output>
        </test-method> <!-- getPage -->
        <test-method signature="test1()[pri:0, instance:tests.SimpleTestClass@d4342c2]" started-at="2022-05-10T12:04:36 CEST" name="test1" finished-at="2022-05-10T12:04:40 CEST" duration-ms="4217" status="PASS">
          <reporter-output>
          </reporter-output>
        </test-method> <!-- test1 -->
        <test-method is-config="true" signature="clearStorage()[pri:0, instance:tests.SimpleTestClass@d4342c2]" started-at="2022-05-10T12:04:40 CEST" name="clearStorage" finished-at="2022-05-10T12:04:40 CEST" duration-ms="227" status="PASS">
          <reporter-output>
          </reporter-output>
        </test-method> <!-- clearStorage -->
        <test-method is-config="true" signature="getPage()[pri:0, instance:tests.SimpleTestClass@d4342c2]" started-at="2022-05-10T12:04:40 CEST" name="getPage" finished-at="2022-05-10T12:04:42 CEST" duration-ms="1852" status="PASS">
          <reporter-output>
          </reporter-output>
        </test-method> <!-- getPage -->
        <test-method signature="test10()[pri:0, instance:tests.SimpleTestClass@d4342c2]" started-at="2022-05-10T12:04:42 CEST" name="test10" finished-at="2022-05-10T12:04:43 CEST" duration-ms="834" status="PASS">
          <reporter-output>
          </reporter-output>
        </test-method> <!-- test10 -->
        <test-method is-config="true" signature="clearStorage()[pri:0, instance:tests.SimpleTestClass@d4342c2]" started-at="2022-05-10T12:04:43 CEST" name="clearStorage" finished-at="2022-05-10T12:04:43 CEST" duration-ms="34" status="PASS">
          <reporter-output>
          </reporter-output>
        </test-method> <!-- clearStorage -->
        <test-method is-config="true" signature="getPage()[pri:0, instance:tests.SimpleTestClass@d4342c2]" started-at="2022-05-10T12:04:43 CEST" name="getPage" finished-at="2022-05-10T12:04:45 CEST" duration-ms="2209" status="PASS">
          <reporter-output>
          </reporter-output>
        </test-method> <!-- getPage -->
        <test-method signature="test11()[pri:0, instance:tests.SimpleTestClass@d4342c2]" started-at="2022-05-10T12:04:45 CEST" name="test11" finished-at="2022-05-10T12:04:48 CEST" duration-ms="2626" status="PASS">
          <reporter-output>
          </reporter-output>
        </test-method> <!-- test11 -->
        <test-method is-config="true" signature="clearStorage()[pri:0, instance:tests.SimpleTestClass@d4342c2]" started-at="2022-05-10T12:04:48 CEST" name="clearStorage" finished-at="2022-05-10T12:04:48 CEST" duration-ms="104" status="PASS">
          <reporter-output>
          </reporter-output>
        </test-method> <!-- clearStorage -->
        <test-method is-config="true" signature="getPage()[pri:0, instance:tests.SimpleTestClass@d4342c2]" started-at="2022-05-10T12:04:48 CEST" name="getPage" finished-at="2022-05-10T12:04:50 CEST" duration-ms="1906" status="PASS">
          <reporter-output>
          </reporter-output>
        </test-method> <!-- getPage -->
        <test-method signature="test2()[pri:0, instance:tests.SimpleTestClass@d4342c2]" started-at="2022-05-10T12:04:50 CEST" name="test2" finished-at="2022-05-10T12:04:50 CEST" duration-ms="9" status="FAIL">
          <exception class="java.lang.AssertionError">
            <message>
              <![CDATA[Test failed expected [alma] but found [szilva]]]>
            </message>
            <full-stacktrace>
              <![CDATA[java.lang.AssertionError: Test failed expected [alma] but found [szilva]
at org.testng.Assert.fail(Assert.java:110)
at org.testng.Assert.failNotEquals(Assert.java:1413)
at org.testng.Assert.assertEqualsImpl(Assert.java:149)
at org.testng.Assert.assertEquals(Assert.java:131)
at org.testng.Assert.assertEquals(Assert.java:655)
at tests.SimpleTestClass.test2(SimpleTestClass.java:110)
at java.base/jdk.internal.reflect.NativeMethodAccessorImpl.invoke0(Native Method)
at java.base/jdk.internal.reflect.NativeMethodAccessorImpl.invoke(NativeMethodAccessorImpl.java:77)
at java.base/jdk.internal.reflect.DelegatingMethodAccessorImpl.invoke(DelegatingMethodAccessorImpl.java:43)
at java.base/java.lang.reflect.Method.invoke(Method.java:568)
at org.testng.internal.invokers.MethodInvocationHelper.invokeMethod(MethodInvocationHelper.java:135)
at org.testng.internal.invokers.TestInvoker.invokeMethod(TestInvoker.java:673)
at org.testng.internal.invokers.TestInvoker.invokeTestMethod(TestInvoker.java:220)
at org.testng.internal.invokers.MethodRunner.runInSequence(MethodRunner.java:50)
at org.testng.internal.invokers.TestInvoker$MethodInvocationAgent.invoke(TestInvoker.java:945)
at org.testng.internal.invokers.TestInvoker.invokeTestMethods(TestInvoker.java:193)
at org.testng.internal.invokers.TestMethodWorker.invokeTestMethods(TestMethodWorker.java:146)
at org.testng.internal.invokers.TestMethodWorker.run(TestMethodWorker.java:128)
at java.base/java.util.ArrayList.forEach(ArrayList.java:1511)
at org.testng.TestRunner.privateRun(TestRunner.java:808)
at org.testng.TestRunner.run(TestRunner.java:603)
at org.testng.SuiteRunner.runTest(SuiteRunner.java:429)
at org.testng.SuiteRunner.runSequentially(SuiteRunner.java:423)
at org.testng.SuiteRunner.privateRun(SuiteRunner.java:383)
at org.testng.SuiteRunner.run(SuiteRunner.java:326)
at org.testng.SuiteRunnerWorker.runSuite(SuiteRunnerWorker.java:52)
at org.testng.SuiteRunnerWorker.run(SuiteRunnerWorker.java:95)
at org.testng.TestNG.runSuitesSequentially(TestNG.java:1249)
at org.testng.TestNG.runSuitesLocally(TestNG.java:1169)
at org.testng.TestNG.runSuites(TestNG.java:1092)
at org.testng.TestNG.run(TestNG.java:1060)
at org.apache.maven.surefire.testng.TestNGExecutor.run(TestNGExecutor.java:324)
at org.apache.maven.surefire.testng.TestNGXmlTestSuite.execute(TestNGXmlTestSuite.java:74)
at org.apache.maven.surefire.testng.TestNGProvider.invoke(TestNGProvider.java:123)
at org.apache.maven.surefire.booter.ForkedBooter.runSuitesInProcess(ForkedBooter.java:456)
at org.apache.maven.surefire.booter.ForkedBooter.execute(ForkedBooter.java:169)
at org.apache.maven.surefire.booter.ForkedBooter.run(ForkedBooter.java:595)
at org.apache.maven.surefire.booter.ForkedBooter.main(ForkedBooter.java:581)
]]>
            </full-stacktrace>
          </exception> <!-- java.lang.AssertionError -->
          <reporter-output>
          </reporter-output>
        </test-method> <!-- test2 -->
        <test-method is-config="true" signature="clearStorage()[pri:0, instance:tests.SimpleTestClass@d4342c2]" started-at="2022-05-10T12:04:50 CEST" name="clearStorage" finished-at="2022-05-10T12:04:50 CEST" duration-ms="359" status="PASS">
          <reporter-output>
          </reporter-output>
        </test-method> <!-- clearStorage -->
        <test-method is-config="true" signature="getPage()[pri:0, instance:tests.SimpleTestClass@d4342c2]" started-at="2022-05-10T12:04:50 CEST" name="getPage" finished-at="2022-05-10T12:04:52 CEST" duration-ms="1772" status="PASS">
          <reporter-output>
          </reporter-output>
        </test-method> <!-- getPage -->
        <test-method signature="test3()[pri:0, instance:tests.SimpleTestClass@d4342c2]" started-at="2022-05-10T12:04:52 CEST" name="test3" finished-at="2022-05-10T12:04:52 CEST" duration-ms="1" status="SKIP">
          <exception class="org.testng.SkipException">
            <message>
              <![CDATA[Skipped]]>
            </message>
            <full-stacktrace>
              <![CDATA[org.testng.SkipException: Skipped
at tests.SimpleTestClass.test3(SimpleTestClass.java:119)
at java.base/jdk.internal.reflect.NativeMethodAccessorImpl.invoke0(Native Method)
at java.base/jdk.internal.reflect.NativeMethodAccessorImpl.invoke(NativeMethodAccessorImpl.java:77)
at java.base/jdk.internal.reflect.DelegatingMethodAccessorImpl.invoke(DelegatingMethodAccessorImpl.java:43)
at java.base/java.lang.reflect.Method.invoke(Method.java:568)
at org.testng.internal.invokers.MethodInvocationHelper.invokeMethod(MethodInvocationHelper.java:135)
at org.testng.internal.invokers.TestInvoker.invokeMethod(TestInvoker.java:673)
at org.testng.internal.invokers.TestInvoker.invokeTestMethod(TestInvoker.java:220)
at org.testng.internal.invokers.MethodRunner.runInSequence(MethodRunner.java:50)
at org.testng.internal.invokers.TestInvoker$MethodInvocationAgent.invoke(TestInvoker.java:945)
at org.testng.internal.invokers.TestInvoker.invokeTestMethods(TestInvoker.java:193)
at org.testng.internal.invokers.TestMethodWorker.invokeTestMethods(TestMethodWorker.java:146)
at org.testng.internal.invokers.TestMethodWorker.run(TestMethodWorker.java:128)
at java.base/java.util.ArrayList.forEach(ArrayList.java:1511)
at org.testng.TestRunner.privateRun(TestRunner.java:808)
at org.testng.TestRunner.run(TestRunner.java:603)
at org.testng.SuiteRunner.runTest(SuiteRunner.java:429)
at org.testng.SuiteRunner.runSequentially(SuiteRunner.java:423)
at org.testng.SuiteRunner.privateRun(SuiteRunner.java:383)
at org.testng.SuiteRunner.run(SuiteRunner.java:326)
at org.testng.SuiteRunnerWorker.runSuite(SuiteRunnerWorker.java:52)
at org.testng.SuiteRunnerWorker.run(SuiteRunnerWorker.java:95)
at org.testng.TestNG.runSuitesSequentially(TestNG.java:1249)
at org.testng.TestNG.runSuitesLocally(TestNG.java:1169)
at org.testng.TestNG.runSuites(TestNG.java:1092)
at org.testng.TestNG.run(TestNG.java:1060)
at org.apache.maven.surefire.testng.TestNGExecutor.run(TestNGExecutor.java:324)
at org.apache.maven.surefire.testng.TestNGXmlTestSuite.execute(TestNGXmlTestSuite.java:74)
at org.apache.maven.surefire.testng.TestNGProvider.invoke(TestNGProvider.java:123)
at org.apache.maven.surefire.booter.ForkedBooter.runSuitesInProcess(ForkedBooter.java:456)
at org.apache.maven.surefire.booter.ForkedBooter.execute(ForkedBooter.java:169)
at org.apache.maven.surefire.booter.ForkedBooter.run(ForkedBooter.java:595)
at org.apache.maven.surefire.booter.ForkedBooter.main(ForkedBooter.java:581)
]]>
            </full-stacktrace>
          </exception> <!-- org.testng.SkipException -->
          <reporter-output>
          </reporter-output>
        </test-method> <!-- test3 -->
        <test-method is-config="true" signature="clearStorage()[pri:0, instance:tests.SimpleTestClass@d4342c2]" started-at="2022-05-10T12:04:52 CEST" name="clearStorage" finished-at="2022-05-10T12:04:52 CEST" duration-ms="218" status="PASS">
          <reporter-output>
          </reporter-output>
        </test-method> <!-- clearStorage -->
        <test-method is-config="true" signature="getPage()[pri:0, instance:tests.SimpleTestClass@d4342c2]" started-at="2022-05-10T12:04:52 CEST" name="getPage" finished-at="2022-05-10T12:04:54 CEST" duration-ms="1945" status="PASS">
          <reporter-output>
          </reporter-output>
        </test-method> <!-- getPage -->
        <test-method signature="test4()[pri:0, instance:tests.SimpleTestClass@d4342c2]" started-at="2022-05-10T12:04:54 CEST" name="test4" finished-at="2022-05-10T12:04:54 CEST" duration-ms="9" status="FAIL">
          <exception class="java.lang.AssertionError">
            <message>
              <![CDATA[The following asserts failed:
expected [abc] but found [xyz],
expected [alma] but found [szilva]]]>
            </message>
            <full-stacktrace>
              <![CDATA[java.lang.AssertionError: The following asserts failed:
expected [abc] but found [xyz],
expected [alma] but found [szilva]
at org.testng.asserts.SoftAssert.assertAll(SoftAssert.java:46)
at org.testng.asserts.SoftAssert.assertAll(SoftAssert.java:30)
at tests.SimpleTestClass.test4(SimpleTestClass.java:128)
at java.base/jdk.internal.reflect.NativeMethodAccessorImpl.invoke0(Native Method)
at java.base/jdk.internal.reflect.NativeMethodAccessorImpl.invoke(NativeMethodAccessorImpl.java:77)
at java.base/jdk.internal.reflect.DelegatingMethodAccessorImpl.invoke(DelegatingMethodAccessorImpl.java:43)
at java.base/java.lang.reflect.Method.invoke(Method.java:568)
at org.testng.internal.invokers.MethodInvocationHelper.invokeMethod(MethodInvocationHelper.java:135)
at org.testng.internal.invokers.TestInvoker.invokeMethod(TestInvoker.java:673)
at org.testng.internal.invokers.TestInvoker.invokeTestMethod(TestInvoker.java:220)
at org.testng.internal.invokers.MethodRunner.runInSequence(MethodRunner.java:50)
at org.testng.internal.invokers.TestInvoker$MethodInvocationAgent.invoke(TestInvoker.java:945)
at org.testng.internal.invokers.TestInvoker.invokeTestMethods(TestInvoker.java:193)
at org.testng.internal.invokers.TestMethodWorker.invokeTestMethods(TestMethodWorker.java:146)
at org.testng.internal.invokers.TestMethodWorker.run(TestMethodWorker.java:128)
at java.base/java.util.ArrayList.forEach(ArrayList.java:1511)
at org.testng.TestRunner.privateRun(TestRunner.java:808)
at org.testng.TestRunner.run(TestRunner.java:603)
at org.testng.SuiteRunner.runTest(SuiteRunner.java:429)
at org.testng.SuiteRunner.runSequentially(SuiteRunner.java:423)
at org.testng.SuiteRunner.privateRun(SuiteRunner.java:383)
at org.testng.SuiteRunner.run(SuiteRunner.java:326)
at org.testng.SuiteRunnerWorker.runSuite(SuiteRunnerWorker.java:52)
at org.testng.SuiteRunnerWorker.run(SuiteRunnerWorker.java:95)
at org.testng.TestNG.runSuitesSequentially(TestNG.java:1249)
at org.testng.TestNG.runSuitesLocally(TestNG.java:1169)
at org.testng.TestNG.runSuites(TestNG.java:1092)
at org.testng.TestNG.run(TestNG.java:1060)
at org.apache.maven.surefire.testng.TestNGExecutor.run(TestNGExecutor.java:324)
at org.apache.maven.surefire.testng.TestNGXmlTestSuite.execute(TestNGXmlTestSuite.java:74)
at org.apache.maven.surefire.testng.TestNGProvider.invoke(TestNGProvider.java:123)
at org.apache.maven.surefire.booter.ForkedBooter.runSuitesInProcess(ForkedBooter.java:456)
at org.apache.maven.surefire.booter.ForkedBooter.execute(ForkedBooter.java:169)
at org.apache.maven.surefire.booter.ForkedBooter.run(ForkedBooter.java:595)
at org.apache.maven.surefire.booter.ForkedBooter.main(ForkedBooter.java:581)
]]>
            </full-stacktrace>
          </exception> <!-- java.lang.AssertionError -->
          <reporter-output>
          </reporter-output>
        </test-method> <!-- test4 -->
        <test-method is-config="true" signature="clearStorage()[pri:0, instance:tests.SimpleTestClass@d4342c2]" started-at="2022-05-10T12:04:54 CEST" name="clearStorage" finished-at="2022-05-10T12:04:55 CEST" duration-ms="301" status="PASS">
          <reporter-output>
          </reporter-output>
        </test-method> <!-- clearStorage -->
        <test-method is-config="true" signature="getPage()[pri:0, instance:tests.SimpleTestClass@d4342c2]" started-at="2022-05-10T12:04:55 CEST" name="getPage" finished-at="2022-05-10T12:04:56 CEST" duration-ms="1630" status="PASS">
          <reporter-output>
          </reporter-output>
        </test-method> <!-- getPage -->
        <test-method signature="test5()[pri:0, instance:tests.SimpleTestClass@d4342c2]" started-at="2022-05-10T12:04:56 CEST" name="test5" finished-at="2022-05-10T12:04:56 CEST" duration-ms="21" status="PASS">
          <reporter-output>
          </reporter-output>
        </test-method> <!-- test5 -->
        <test-method is-config="true" signature="clearStorage()[pri:0, instance:tests.SimpleTestClass@d4342c2]" started-at="2022-05-10T12:04:56 CEST" name="clearStorage" finished-at="2022-05-10T12:04:56 CEST" duration-ms="215" status="PASS">
          <reporter-output>
          </reporter-output>
        </test-method> <!-- clearStorage -->
        <test-method is-config="true" signature="getPage()[pri:0, instance:tests.SimpleTestClass@d4342c2]" started-at="2022-05-10T12:04:56 CEST" name="getPage" finished-at="2022-05-10T12:04:58 CEST" duration-ms="1534" status="PASS">
          <reporter-output>
          </reporter-output>
        </test-method> <!-- getPage -->
        <test-method signature="test6()[pri:0, instance:tests.SimpleTestClass@d4342c2]" started-at="2022-05-10T12:04:58 CEST" name="test6" finished-at="2022-05-10T12:05:00 CEST" duration-ms="1870" status="PASS">
          <reporter-output>
          </reporter-output>
        </test-method> <!-- test6 -->
        <test-method is-config="true" signature="clearStorage()[pri:0, instance:tests.SimpleTestClass@d4342c2]" started-at="2022-05-10T12:05:00 CEST" name="clearStorage" finished-at="2022-05-10T12:05:00 CEST" duration-ms="53" status="PASS">
          <reporter-output>
          </reporter-output>
        </test-method> <!-- clearStorage -->
        <test-method is-config="true" signature="getPage()[pri:0, instance:tests.SimpleTestClass@d4342c2]" started-at="2022-05-10T12:05:00 CEST" name="getPage" finished-at="2022-05-10T12:05:02 CEST" duration-ms="2238" status="PASS">
          <reporter-output>
          </reporter-output>
        </test-method> <!-- getPage -->
        <test-method signature="test7()[pri:0, instance:tests.SimpleTestClass@d4342c2]" started-at="2022-05-10T12:05:02 CEST" name="test7" finished-at="2022-05-10T12:05:07 CEST" duration-ms="5078" status="PASS">
          <reporter-output>
          </reporter-output>
        </test-method> <!-- test7 -->
        <test-method is-config="true" signature="clearStorage()[pri:0, instance:tests.SimpleTestClass@d4342c2]" started-at="2022-05-10T12:05:07 CEST" name="clearStorage" finished-at="2022-05-10T12:05:07 CEST" duration-ms="154" status="PASS">
          <reporter-output>
          </reporter-output>
        </test-method> <!-- clearStorage -->
        <test-method is-config="true" signature="getPage()[pri:0, instance:tests.SimpleTestClass@d4342c2]" started-at="2022-05-10T12:05:07 CEST" name="getPage" finished-at="2022-05-10T12:05:10 CEST" duration-ms="2500" status="PASS">
          <reporter-output>
          </reporter-output>
        </test-method> <!-- getPage -->
        <test-method signature="test8()[pri:0, instance:tests.SimpleTestClass@d4342c2]" started-at="2022-05-10T12:05:10 CEST" name="test8" finished-at="2022-05-10T12:05:10 CEST" duration-ms="24" status="PASS">
          <reporter-output>
          </reporter-output>
        </test-method> <!-- test8 -->
        <test-method is-config="true" signature="clearStorage()[pri:0, instance:tests.SimpleTestClass@d4342c2]" started-at="2022-05-10T12:05:10 CEST" name="clearStorage" finished-at="2022-05-10T12:05:10 CEST" duration-ms="62" status="PASS">
          <reporter-output>
          </reporter-output>
        </test-method> <!-- clearStorage -->
        <test-method is-config="true" signature="getPage()[pri:0, instance:tests.SimpleTestClass@d4342c2]" started-at="2022-05-10T12:05:10 CEST" name="getPage" finished-at="2022-05-10T12:05:12 CEST" duration-ms="1822" status="PASS">
          <reporter-output>
          </reporter-output>
        </test-method> <!-- getPage -->
        <test-method signature="test9()[pri:0, instance:tests.SimpleTestClass@d4342c2]" started-at="2022-05-10T12:05:12 CEST" name="test9" finished-at="2022-05-10T12:05:12 CEST" duration-ms="549" status="PASS">
          <reporter-output>
          </reporter-output>
        </test-method> <!-- test9 -->
        <test-method is-config="true" signature="clearStorage()[pri:0, instance:tests.SimpleTestClass@d4342c2]" started-at="2022-05-10T12:05:12 CEST" name="clearStorage" finished-at="2022-05-10T12:05:12 CEST" duration-ms="19" status="PASS">
          <reporter-output>
          </reporter-output>
        </test-method> <!-- clearStorage -->
        <test-method is-config="true" signature="closeDriver()[pri:0, instance:tests.SimpleTestClass@d4342c2]" started-at="2022-05-10T12:05:19 CEST" name="closeDriver" finished-at="2022-05-10T12:05:19 CEST" duration-ms="153" status="PASS">
          <reporter-output>
          </reporter-output>
        </test-method> <!-- closeDriver -->
      </class> <!-- tests.SimpleTestClass -->
    </test> <!-- Test -->
  </suite> <!-- Suite -->
</testng-results>
